DEBUG:root:This message should go to the log file
INFO:root:So should this
WARNING:root:And this, too
WARNING:root:is when this event was logged.
DEBUG:root:This message should go to the log file
INFO:root:So should this
WARNING:root:And this, too
WARNING:root:is when this event was logged.
DEBUG:root:This message should go to the log file
INFO:root:So should this
WARNING:root:And this, too
WARNING:root:is when this event was logged.
DEBUG:root:This message should go to the log file
INFO:root:So should this
WARNING:root:And this, too
WARNING:root:is when this event was logged.
DEBUG:root:This message should go to the log file
INFO:root:So should this
WARNING:root:And this, too
WARNING:root:is when this event was logged.
DEBUG:root:This message should go to the log file
INFO:root:So should this
WARNING:root:And this, too
WARNING:root:is when this event was logged.
DEBUG:root:This message should go to the log file
INFO:root:So should this
WARNING:root:And this, too
WARNING:root:is when this event was logged.
DEBUG:root:This message should go to the log file
INFO:root:So should this
WARNING:root:And this, too
WARNING:root:is when this event was logged.
DEBUG:root:This message should go to the log file
INFO:root:So should this
WARNING:root:And this, too
WARNING:root:is when this event was logged.
DEBUG:root:This message should go to the log file
INFO:root:So should this
WARNING:root:And this, too
WARNING:root:is when this event was logged.
DEBUG:root:This message should go to the log file
INFO:root:So should this
WARNING:root:And this, too
WARNING:root:is when this event was logged.
DEBUG:root:This message should go to the log file
INFO:root:So should this
WARNING:root:And this, too
WARNING:root:is when this event was logged.
DEBUG:root:This message should go to the log file
INFO:root:So should this
WARNING:root:And this, too
WARNING:root:is when this event was logged.
DEBUG:root:This message should go to the log file
INFO:root:So should this
WARNING:root:And this, too
WARNING:root:is when this event was logged.
DEBUG:root:This message should go to the log file
INFO:root:So should this
WARNING:root:And this, too
WARNING:root:is when this event was logged.
DEBUG:root:This message should go to the log file
INFO:root:So should this
WARNING:root:And this, too
WARNING:root:is when this event was logged.
WARNING:root:This is not valid credit card
DEBUG:root:This message should go to the log file
INFO:root:So should this
WARNING:root:And this, too
WARNING:root:is when this event was logged.
WARNING:root:This is not valid credit card
DEBUG:root:This message should go to the log file
INFO:root:So should this
WARNING:root:And this, too
WARNING:root:is when this event was logged.
WARNING:root:This is not valid credit card
DEBUG:root:This message should go to the log file
INFO:root:So should this
WARNING:root:And this, too
WARNING:root:is when this event was logged.
WARNING:root:This is not valid credit card
DEBUG:root:This message should go to the log file
INFO:root:So should this
WARNING:root:And this, too
WARNING:root:is when this event was logged.
WARNING:root:This is not valid credit card
DEBUG:root:This message should go to the log file
INFO:root:So should this
WARNING:root:And this, too
WARNING:root:is when this event was logged.
WARNING:root:This is not valid credit card
DEBUG:root:This message should go to the log file
INFO:root:So should this
WARNING:root:And this, too
WARNING:root:is when this event was logged.
WARNING:root:This is not valid credit card
DEBUG:root:This message should go to the log file
INFO:root:So should this
WARNING:root:And this, too
WARNING:root:is when this event was logged.
WARNING:root:This is not valid credit card
DEBUG:root:This message should go to the log file
INFO:root:So should this
WARNING:root:And this, too
WARNING:root:is when this event was logged.
WARNING:root:This is not valid credit card
DEBUG:root:This message should go to the log file
INFO:root:So should this
WARNING:root:And this, too
WARNING:root:is when this event was logged.
DEBUG:root:This message should go to the log file
INFO:root:So should this
WARNING:root:And this, too
WARNING:root:is when this event was logged.
DEBUG:root:This message should go to the log file
INFO:root:So should this
WARNING:root:And this, too
WARNING:root:is when this event was logged.
DEBUG:root:This message should go to the log file
INFO:root:So should this
WARNING:root:And this, too
WARNING:root:is when this event was logged.
DEBUG:root:This message should go to the log file
INFO:root:So should this
WARNING:root:And this, too
WARNING:root:is when this event was logged.
DEBUG:root:This message should go to the log file
INFO:root:So should this
WARNING:root:And this, too
WARNING:root:is when this event was logged.
WARNING:root:This is not valid credit card
DEBUG:root:This message should go to the log file
INFO:root:So should this
WARNING:root:And this, too
WARNING:root:is when this event was logged.
WARNING:root:This is not valid credit card
DEBUG:root:This message should go to the log file
INFO:root:So should this
WARNING:root:And this, too
WARNING:root:is when this event was logged.
DEBUG:root:This message should go to the log file
INFO:root:So should this
WARNING:root:And this, too
WARNING:root:is when this event was logged.
DEBUG:root:This message should go to the log file
INFO:root:So should this
WARNING:root:And this, too
WARNING:root:is when this event was logged.
DEBUG:root:This message should go to the log file
INFO:root:So should this
WARNING:root:And this, too
WARNING:root:is when this event was logged.
DEBUG:root:This message should go to the log file
INFO:root:So should this
WARNING:root:And this, too
WARNING:root:is when this event was logged.
DEBUG:root:This message should go to the log file
INFO:root:So should this
WARNING:root:And this, too
WARNING:root:is when this event was logged.
DEBUG:root:This message should go to the log file
INFO:root:So should this
WARNING:root:And this, too
WARNING:root:is when this event was logged.
DEBUG:root:This message should go to the log file
INFO:root:So should this
WARNING:root:And this, too
WARNING:root:is when this event was logged.
DEBUG:root:This message should go to the log file
INFO:root:So should this
WARNING:root:And this, too
WARNING:root:is when this event was logged.
DEBUG:root:This message should go to the log file
INFO:root:So should this
WARNING:root:And this, too
WARNING:root:is when this event was logged.
DEBUG:root:This message should go to the log file
INFO:root:So should this
WARNING:root:And this, too
WARNING:root:is when this event was logged.
DEBUG:root:This message should go to the log file
INFO:root:So should this
WARNING:root:And this, too
WARNING:root:is when this event was logged.
DEBUG:root:This message should go to the log file
INFO:root:So should this
WARNING:root:And this, too
WARNING:root:is when this event was logged.
DEBUG:root:This message should go to the log file
INFO:root:So should this
WARNING:root:And this, too
WARNING:root:is when this event was logged.
DEBUG:root:This message should go to the log file
INFO:root:So should this
WARNING:root:And this, too
WARNING:root:is when this event was logged.
DEBUG:root:This message should go to the log file
INFO:root:So should this
WARNING:root:And this, too
WARNING:root:is when this event was logged.
